This file contains any messages produced by compilers while
running configure, to aid debugging if configure makes a mistake.

It was created by audioinput configure , which was
generated by GNU Autoconf 2.71.  Invocation command line was

  $ /home/cyberflaw/code/user/ssh/synchro.rs/audio-input/configure --prefix=/home/cyberflaw/code/user/ssh/synchro.rs/target/debug/build/synchro-391d21b0c9a94341/out --disable-shared --enable-static

## --------- ##
## Platform. ##
## --------- ##

hostname = linuxos
uname -m = x86_64
uname -r = 6.3.1-060301-generic
uname -s = Linux
uname -v = #202304302031 SMP PREEMPT_DYNAMIC Mon May  1 00:41:22 UTC 2023

/usr/bin/uname -p = x86_64
/bin/uname -X     = unknown

/bin/arch              = x86_64
/usr/bin/arch -k       = unknown
/usr/convex/getsysinfo = unknown
/usr/bin/hostinfo      = unknown
/bin/machine           = unknown
/usr/bin/oslevel       = unknown
/bin/universe          = unknown

PATH: /home/cyberflaw/.nvm/versions/node/v19.3.0/bin/
PATH: /home/cyberflaw/.local/bin/
PATH: /home/cyberflaw/.cargo/bin/
PATH: /home/cyberflaw/.local/bin/
PATH: /home/cyberflaw/bin/
PATH: /usr/local/sbin/
PATH: /usr/local/bin/
PATH: /usr/sbin/
PATH: /usr/bin/
PATH: /sbin/
PATH: /bin/
PATH: /usr/games/
PATH: /usr/local/games/
PATH: /snap/bin/
PATH: /snap/bin/


## ----------- ##
## Core tests. ##
## ----------- ##


## ---------------- ##
## Cache variables. ##
## ---------------- ##

ac_cv_env_CC_set=set
ac_cv_env_CC_value=cc
ac_cv_env_CFLAGS_set=set
ac_cv_env_CFLAGS_value='-O0 -ffunction-sections -fdata-sections -fPIC -gdwarf-4 -fno-omit-frame-pointer -m64'
ac_cv_env_CPPFLAGS_set=
ac_cv_env_CPPFLAGS_value=
ac_cv_env_LDFLAGS_set=
ac_cv_env_LDFLAGS_value=
ac_cv_env_LIBS_set=
ac_cv_env_LIBS_value=
ac_cv_env_build_alias_set=
ac_cv_env_build_alias_value=
ac_cv_env_host_alias_set=
ac_cv_env_host_alias_value=
ac_cv_env_target_alias_set=
ac_cv_env_target_alias_value=

## ----------------- ##
## Output variables. ##
## ----------------- ##

CC='cc'
CFLAGS='-O0 -ffunction-sections -fdata-sections -fPIC -gdwarf-4 -fno-omit-frame-pointer -m64'
CPPFLAGS=''
DEFS=''
ECHO_C=''
ECHO_N='-n'
ECHO_T=''
EXEEXT=''
LDFLAGS=''
LIBOBJS=''
LIBS=''
LTLIBOBJS=''
OBJEXT=''
PACKAGE_BUGREPORT='tcr19cs029@gectcr.ac.in'
PACKAGE_NAME='audioinput'
PACKAGE_STRING='audioinput '
PACKAGE_TARNAME='audioinput'
PACKAGE_URL=''
PACKAGE_VERSION=''
PATH_SEPARATOR=':'
SHELL='/bin/bash'
ac_ct_CC=''
bindir='${exec_prefix}/bin'
build_alias=''
datadir='${datarootdir}'
datarootdir='${prefix}/share'
docdir='${datarootdir}/doc/${PACKAGE_TARNAME}'
dvidir='${docdir}'
exec_prefix='NONE'
host_alias=''
htmldir='${docdir}'
includedir='${prefix}/include'
infodir='${datarootdir}/info'
libdir='${exec_prefix}/lib'
libexecdir='${exec_prefix}/libexec'
localedir='${datarootdir}/locale'
localstatedir='${prefix}/var'
mandir='${datarootdir}/man'
oldincludedir='/usr/include'
pdfdir='${docdir}'
prefix='/home/cyberflaw/code/user/ssh/synchro.rs/target/debug/build/synchro-391d21b0c9a94341/out'
program_transform_name='s,x,x,'
psdir='${docdir}'
runstatedir='${localstatedir}/run'
sbindir='${exec_prefix}/sbin'
sharedstatedir='${prefix}/com'
sysconfdir='${prefix}/etc'
target_alias=''

## ----------- ##
## confdefs.h. ##
## ----------- ##

/* confdefs.h */
#define PACKAGE_NAME "audioinput"
#define PACKAGE_TARNAME "audioinput"
#define PACKAGE_VERSION ""
#define PACKAGE_STRING "audioinput "
#define PACKAGE_BUGREPORT "tcr19cs029@gectcr.ac.in"
#define PACKAGE_URL ""

configure: exit 2
